<?xml version="1.0" encoding="UTF-8"?>
<testsuite name="ProductTest" tests="1" skipped="0" failures="0" errors="0" timestamp="2021-02-12T11:16:29" hostname="DESKTOP-5E6SB31" time="0.528">
  <properties/>
  <testcase name="testingTotalQuantity()" classname="ProductTest" time="0.528"/>
  <system-out><![CDATA[]]></system-out>
  <system-err><![CDATA[]]></system-err>
</testsuite>
